<?xml version="1.0" encoding="UTF-8"?>
<!-- Generated by org.testng.reporters.JUnitReportReporter -->
<testsuite hostname="Admin" failures="0" tests="1" name="Practice.Pom.repository.SampleTestWithPom" time="71.319" errors="0" timestamp="2024-07-30T14:55:15 IST" skipped="0">
  <testcase classname="Practice.Pom.repository.SampleTestWithPom" name="sampleTest" time="71.319"/>
  <system-out/>
</testsuite> <!-- Practice.Pom.repository.SampleTestWithPom -->
