<?xml version="1.0" encoding="UTF-8"?>
<!-- Generated by org.testng.reporters.JUnitReportReporter -->
<testsuite hostname="Admin" failures="0" tests="1" name="SampleScript.ReadDataFromTextNGXmlFile" time="0.092" errors="0" timestamp="2024-07-24T12:02:20 IST" skipped="0">
  <testcase classname="SampleScript.ReadDataFromTextNGXmlFile" name="sampleTest" time="0.092"/>
  <system-out/>
</testsuite> <!-- SampleScript.ReadDataFromTextNGXmlFile -->
