<?xml version="1.0" encoding="UTF-8"?>
<!-- Generated by org.testng.reporters.JUnitReportReporter -->
<testsuite hostname="Admin" failures="0" tests="2" name="practicehometest.SampleReport" time="0.044" errors="0" timestamp="2024-08-05T16:09:24 IST" skipped="0">
  <testcase classname="practicehometest.SampleReport" name="homePageTest" time="0.036"/>
  <system-out>
    <![CDATA[homePageTestTest Start
step-1
step-2]]>
  </system-out>
  <testcase classname="practicehometest.SampleReport" name="verifyLogoHomePage" time="0.008"/>
  <system-out>
    <![CDATA[verifyLogoHomePageTest Start
step-1
step-2
verifyLogoHomePageTest End]]>
  </system-out>
</testsuite> <!-- practicehometest.SampleReport -->
