<?xml version="1.0" encoding="UTF-8"?>
<!-- Generated by org.testng.reporters.JUnitReportReporter -->
<testsuite hostname="Admin" failures="0" tests="1" name="practicetestng.CreateContactTest" time="4.531" errors="0" timestamp="2024-08-08T11:37:05 IST" skipped="0">
  <testcase classname="practicetestng.CreateContactTest" name="createContactTest" time="4.531"/>
  <system-out/>
</testsuite> <!-- practicetestng.CreateContactTest -->
