<?xml version="1.0" encoding="UTF-8"?>
<!-- Generated by org.testng.reporters.JUnitReportReporter -->
<testsuite hostname="Admin" failures="0" tests="1" name="practicetestng.SampleTest" time="0.094" errors="0" timestamp="2024-08-01T16:02:56 IST" skipped="0">
  <testcase classname="practicetestng.SampleTest" name="test" time="0.094"/>
  <system-out/>
</testsuite> <!-- practicetestng.SampleTest -->
