<?xml version="1.0" encoding="UTF-8"?>
<!-- Generated by org.testng.reporters.JUnitReportReporter -->
<testsuite hostname="Admin" failures="0" tests="1" name="practicetestng.SampleTestForScreenShot" time="33.696" errors="0" timestamp="2024-08-05T16:54:14 IST" skipped="0">
  <testcase classname="practicetestng.SampleTestForScreenShot" name="amazonTest" time="33.696"/>
  <system-out/>
</testsuite> <!-- practicetestng.SampleTestForScreenShot -->
