<?xml version="1.0" encoding="UTF-8"?>
<!-- Generated by org.testng.reporters.JUnitReportReporter -->
<testsuite hostname="Admin" failures="0" tests="2" name="com.crm.comcast.contacttest.CreateContactTest" time="0.043" errors="0" timestamp="2024-08-02T16:13:15 IST" skipped="0">
  <testcase classname="com.crm.comcast.contacttest.CreateContactTest" name="createOrgTest" time="0.032"/>
  <system-out/>
  <testcase classname="com.crm.comcast.contacttest.CreateContactTest" name="createOrgWithIndustries" time="0.011"/>
  <system-out/>
</testsuite> <!-- com.crm.comcast.contacttest.CreateContactTest -->
