<?xml version="1.0" encoding="UTF-8"?>
<!-- Generated by org.testng.reporters.JUnitReportReporter -->
<testsuite hostname="Admin" failures="0" tests="3" name="practicetestng.createContactWithOutPriorityTest" time="0.060" errors="0" timestamp="2024-08-01T17:08:58 IST" skipped="0">
  <testcase classname="practicetestng.createContactWithOutPriorityTest" name="createContactTest" time="0.040"/>
  <system-out/>
  <testcase classname="practicetestng.createContactWithOutPriorityTest" name="modifyContactTest" time="0.007"/>
  <system-out/>
  <testcase classname="practicetestng.createContactWithOutPriorityTest" name="deleteContactTest" time="0.013"/>
  <system-out/>
</testsuite> <!-- practicetestng.createContactWithOutPriorityTest -->
