<?xml version="1.0" encoding="UTF-8"?>
<!-- Generated by org.testng.reporters.JUnitReportReporter -->
<testsuite hostname="Admin" failures="0" tests="1" name="practicetestng.ScreenShotWebElement" time="41.055" errors="0" timestamp="2024-08-05T17:04:44 IST" skipped="0">
  <testcase classname="practicetestng.ScreenShotWebElement" name="screenShotWebElement" time="41.055"/>
  <system-out/>
</testsuite> <!-- practicetestng.ScreenShotWebElement -->
