<?xml version="1.0" encoding="UTF-8"?>
<!-- Generated by org.testng.reporters.JUnitReportReporter -->
<testsuite hostname="Admin" failures="0" tests="3" name="practicetestng.CreateContact_DP_Test" time="0.062" errors="0" timestamp="2024-08-02T10:57:50 IST" skipped="0">
  <testcase classname="practicetestng.CreateContact_DP_Test" name="createContactTest" time="0.016"/>
  <system-out/>
  <testcase classname="practicetestng.CreateContact_DP_Test" name="createContactTest" time="0.036"/>
  <system-out/>
  <testcase classname="practicetestng.CreateContact_DP_Test" name="createContactTest" time="0.010"/>
  <system-out/>
</testsuite> <!-- practicetestng.CreateContact_DP_Test -->
