<?xml version="1.0" encoding="UTF-8"?>
<!-- Generated by org.testng.reporters.JUnitReportReporter -->
<testsuite hostname="Admin" failures="0" tests="2" name="com.pac1.CreateContactTest" time="0.059" errors="0" timestamp="2024-08-02T15:00:36 IST" skipped="0">
  <testcase classname="com.pac1.CreateContactTest" name="createContactWithSuuportDate" time="0.018"/>
  <system-out/>
  <testcase classname="com.pac1.CreateContactTest" name="createContact" time="0.041"/>
  <system-out/>
</testsuite> <!-- com.pac1.CreateContactTest -->
