<?xml version="1.0" encoding="UTF-8"?>
<!-- Generated by org.testng.reporters.JUnitReportReporter -->
<testsuite hostname="Admin" failures="0" tests="1" name="practicetestng.SampleTest1" time="0.037" errors="0" timestamp="2024-08-01T16:09:20 IST" skipped="0">
  <testcase classname="practicetestng.SampleTest1" name="acreateContactWithMobileNumber" time="0.037"/>
  <system-out/>
</testsuite> <!-- practicetestng.SampleTest1 -->
