<?xml version="1.0" encoding="UTF-8"?>
<!-- Generated by org.testng.reporters.JUnitReportReporter -->
<testsuite hostname="Admin" failures="0" tests="3" name="practicetestng.CreateContact2_DP_Test" time="0.134" errors="0" timestamp="2024-08-02T14:21:22 IST" skipped="0">
  <testcase classname="practicetestng.CreateContact2_DP_Test" name="createContactTest" time="0.121"/>
  <system-out/>
  <testcase classname="practicetestng.CreateContact2_DP_Test" name="createContactTest" time="0.007"/>
  <system-out/>
  <testcase classname="practicetestng.CreateContact2_DP_Test" name="createContactTest" time="0.006"/>
  <system-out/>
</testsuite> <!-- practicetestng.CreateContact2_DP_Test -->
