<?xml version="1.0" encoding="UTF-8"?>
<!-- Generated by org.testng.reporters.JUnitReportReporter -->
<testsuite hostname="Admin" failures="0" tests="3" name="practicetestng.ContactTest" time="0.051" errors="0" timestamp="2024-08-01T16:27:34 IST" skipped="0">
  <testcase classname="practicetestng.ContactTest" name="modifyContactTest" time="0.036"/>
  <system-out/>
  <testcase classname="practicetestng.ContactTest" name="createContactTest" time="0.008"/>
  <system-out/>
  <testcase classname="practicetestng.ContactTest" name="deleteContactTest" time="0.007"/>
  <system-out/>
</testsuite> <!-- practicetestng.ContactTest -->
