<?xml version="1.0" encoding="UTF-8"?>
<!-- Generated by org.testng.reporters.JUnitReportReporter -->
<testsuite hostname="Admin" failures="0" tests="3" name="practicetestng.SampleReportTest" time="18.050" errors="0" timestamp="2024-08-08T16:16:32 IST" skipped="0">
  <testcase classname="practicetestng.SampleReportTest" name="createContactWithPhoneNumber" time="0.010"/>
  <system-out/>
  <testcase classname="practicetestng.SampleReportTest" name="createContactWithOrg" time="0.024"/>
  <system-out/>
  <testcase classname="practicetestng.SampleReportTest" name="createContactTest" time="18.016"/>
  <system-out/>
</testsuite> <!-- practicetestng.SampleReportTest -->
