<?xml version="1.0" encoding="UTF-8"?>
<!-- Generated by org.testng.reporters.JUnitReportReporter -->
<testsuite hostname="Admin" failures="0" tests="11" name="practicetestng.OrderInvoTest" time="0.124" errors="0" timestamp="2024-08-01T17:16:26 IST" skipped="1">
  <testcase classname="practicetestng.OrderInvoTest" name="createOrderTest" time="0.037"/>
  <system-out/>
  <testcase classname="practicetestng.OrderInvoTest" name="createOrderTest" time="0.008"/>
  <system-out/>
  <testcase classname="practicetestng.OrderInvoTest" name="createOrderTest" time="0.007"/>
  <system-out/>
  <testcase classname="practicetestng.OrderInvoTest" name="createOrderTest" time="0.014"/>
  <system-out/>
  <testcase classname="practicetestng.OrderInvoTest" name="createOrderTest" time="0.006"/>
  <system-out/>
  <testcase classname="practicetestng.OrderInvoTest" name="createOrderTest" time="0.022"/>
  <system-out/>
  <testcase classname="practicetestng.OrderInvoTest" name="createOrderTest" time="0.008"/>
  <system-out/>
  <testcase classname="practicetestng.OrderInvoTest" name="createOrderTest" time="0.007"/>
  <system-out/>
  <testcase classname="practicetestng.OrderInvoTest" name="createOrderTest" time="0.009"/>
  <system-out/>
  <testcase classname="practicetestng.OrderInvoTest" name="createOrderTest" time="0.006"/>
  <system-out/>
  <testcase classname="practicetestng.OrderInvoTest" name="billingOrderTest">
    <skipped/>
  </testcase> <!-- billingOrderTest -->
  <system-out/>
</testsuite> <!-- practicetestng.OrderInvoTest -->
